[debug] [2024-09-21T16:27:06.205Z] ----------------------------------------------------------------------
[debug] [2024-09-21T16:27:06.208Z] Command:       C:\Program Files\nodejs\node.exe C:\Users\Nico\AppData\Roaming\npm\node_modules\firebase-tools\lib\bin\firebase.js hosting:channel:deploy preview_name
[debug] [2024-09-21T16:27:06.208Z] CLI Version:   12.7.0
[debug] [2024-09-21T16:27:06.209Z] Platform:      win32
[debug] [2024-09-21T16:27:06.209Z] Node Version:  v18.18.1
[debug] [2024-09-21T16:27:06.210Z] Time:          Sat Sep 21 2024 18:27:06 GMT+0200 (heure d’été d’Europe centrale)
[debug] [2024-09-21T16:27:06.210Z] ----------------------------------------------------------------------
[debug] 
[debug] [2024-09-21T16:27:06.216Z] >>> [apiv2][query] GET https://firebase-public.firebaseio.com/cli.json [none]
[debug] [2024-09-21T16:27:06.370Z] > command requires scopes: ["email","openid","https://www.googleapis.com/auth/cloudplatformprojects.readonly","https://www.googleapis.com/auth/firebase","https://www.googleapis.com/auth/cloud-platform"]
[debug] [2024-09-21T16:27:06.371Z] > authorizing via signed-in user (ncls.noel@gmail.com)
[debug] [2024-09-21T16:27:06.371Z] [iam] checking project shoshone-9d593 for permissions ["firebase.projects.get","firebasehosting.sites.update"]
[debug] [2024-09-21T16:27:06.372Z] > refreshing access token with scopes: []
[debug] [2024-09-21T16:27:06.374Z] >>> [apiv2][query] POST https://www.googleapis.com/oauth2/v3/token [none]
[debug] [2024-09-21T16:27:06.374Z] >>> [apiv2][body] POST https://www.googleapis.com/oauth2/v3/token [omitted]
[debug] [2024-09-21T16:27:06.508Z] <<< [apiv2][status] POST https://www.googleapis.com/oauth2/v3/token 400
[debug] [2024-09-21T16:27:06.508Z] <<< [apiv2][body] POST https://www.googleapis.com/oauth2/v3/token [omitted]
[debug] [2024-09-21T16:27:06.508Z] >>> [apiv2][query] POST https://cloudresourcemanager.googleapis.com/v1/projects/shoshone-9d593:testIamPermissions [none]
[debug] [2024-09-21T16:27:06.508Z] >>> [apiv2][(partial)header] POST https://cloudresourcemanager.googleapis.com/v1/projects/shoshone-9d593:testIamPermissions x-goog-quota-user=projects/shoshone-9d593
[debug] [2024-09-21T16:27:06.509Z] >>> [apiv2][body] POST https://cloudresourcemanager.googleapis.com/v1/projects/shoshone-9d593:testIamPermissions {"permissions":["firebase.projects.get","firebasehosting.sites.update"]}
[debug] [2024-09-21T16:27:06.643Z] <<< [apiv2][status] GET https://firebase-public.firebaseio.com/cli.json 200
[debug] [2024-09-21T16:27:06.643Z] <<< [apiv2][body] GET https://firebase-public.firebaseio.com/cli.json {"cloudBuildErrorAfter":1594252800000,"cloudBuildWarnAfter":1590019200000,"defaultNode10After":1594252800000,"minVersion":"3.0.5","node8DeploysDisabledAfter":1613390400000,"node8RuntimeDisabledAfter":1615809600000,"node8WarnAfter":1600128000000}
[debug] [2024-09-21T16:27:07.133Z] <<< [apiv2][status] POST https://cloudresourcemanager.googleapis.com/v1/projects/shoshone-9d593:testIamPermissions 401
[debug] [2024-09-21T16:27:07.134Z] <<< [apiv2][body] POST https://cloudresourcemanager.googleapis.com/v1/projects/shoshone-9d593:testIamPermissions {"error":{"code":401,"message":"Request had invalid authentication credentials. Expected OAuth 2 access token, login cookie or other valid authentication credential. See https://developers.google.com/identity/sign-in/web/devconsole-project.","status":"UNAUTHENTICATED","details":[{"@type":"type.googleapis.com/google.rpc.ErrorInfo","reason":"ACCESS_TOKEN_TYPE_UNSUPPORTED","metadata":{"method":"google.cloudresourcemanager.v1.Projects.TestIamPermissions","service":"cloudresourcemanager.googleapis.com"}}]}}
[debug] [2024-09-21T16:27:07.135Z] [iam] error while checking permissions, command may fail: FirebaseError: HTTP Error: 401, Request had invalid authentication credentials. Expected OAuth 2 access token, login cookie or other valid authentication credential. See https://developers.google.com/identity/sign-in/web/devconsole-project.
[debug] [2024-09-21T16:27:07.135Z] > refreshing access token with scopes: []
[debug] [2024-09-21T16:27:07.136Z] >>> [apiv2][query] POST https://www.googleapis.com/oauth2/v3/token [none]
[debug] [2024-09-21T16:27:07.136Z] >>> [apiv2][body] POST https://www.googleapis.com/oauth2/v3/token [omitted]
[debug] [2024-09-21T16:27:07.205Z] <<< [apiv2][status] POST https://www.googleapis.com/oauth2/v3/token 400
[debug] [2024-09-21T16:27:07.205Z] <<< [apiv2][body] POST https://www.googleapis.com/oauth2/v3/token [omitted]
[debug] [2024-09-21T16:27:07.207Z] >>> [apiv2][query] GET https://firebase.googleapis.com/v1beta1/projects/shoshone-9d593 [none]
[debug] [2024-09-21T16:27:07.289Z] <<< [apiv2][status] GET https://firebase.googleapis.com/v1beta1/projects/shoshone-9d593 401
[debug] [2024-09-21T16:27:07.289Z] <<< [apiv2][body] GET https://firebase.googleapis.com/v1beta1/projects/shoshone-9d593 {"error":{"code":401,"message":"Request had invalid authentication credentials. Expected OAuth 2 access token, login cookie or other valid authentication credential. See https://developers.google.com/identity/sign-in/web/devconsole-project.","status":"UNAUTHENTICATED"}}
[debug] [2024-09-21T16:27:07.290Z] HTTP Error: 401, Request had invalid authentication credentials. Expected OAuth 2 access token, login cookie or other valid authentication credential. See https://developers.google.com/identity/sign-in/web/devconsole-project.
[debug] [2024-09-21T16:27:07.372Z] FirebaseError: HTTP Error: 401, Request had invalid authentication credentials. Expected OAuth 2 access token, login cookie or other valid authentication credential. See https://developers.google.com/identity/sign-in/web/devconsole-project.
    at responseToError (C:\Users\Nico\AppData\Roaming\npm\node_modules\firebase-tools\lib\responseToError.js:49:12)
    at RetryOperation._fn (C:\Users\Nico\AppData\Roaming\npm\node_modules\firebase-tools\lib\apiv2.js:285:77)
    at process.processTicksAndRejections (node:internal/process/task_queues:95:5)
[error] 
[error] Error: Failed to get Firebase project shoshone-9d593. Please make sure the project exists and your account has permission to access it.
